2022-10-21 sort INFO Bubble sort Method had started
2022-10-21 sort INFO Using the following list: [830, 419, 629, 170]
2022-10-21 sort INFO Array sorted: [170, 419, 629, 830]
2022-10-21 sort INFO Bubble sort Method had started
2022-10-21 sort INFO Using the following list: [47, 16, 67, 52, 91, 66, 58, 78, 48, 5]
2022-10-21 sort INFO Array sorted: [5, 16, 47, 48, 52, 58, 66, 67, 78, 91]
2022-10-21 sort INFO Bubble sort Method had started
2022-10-21 sort INFO Using the following list: [7, 2, 4, 6, 1, 3, 8, 5, 9]
2022-10-21 sort INFO Array sorted: [1, 2, 3, 4, 5, 6, 7, 8, 9]
2022-10-21 sort INFO Bubble sort Method had started
2022-10-21 sort INFO Using the following list: [1, 2, 3, 4]
2022-10-21 sort INFO Array sorted: [1, 2, 3, 4]
2022-10-21 sort INFO Bubble sort Method had started
2022-10-21 sort INFO Using the following list: [7, 2, 4, 6, 1, 3, 8, 5, 9]
2022-10-21 sort INFO Array sorted: [1, 2, 3, 4, 5, 6, 7, 8, 9]
2022-10-21 sort INFO Bubble sort Method had started
2022-10-21 sort INFO Using the following list: [35, 56, 12, 64, 36, 71, 43, 80, 7, 24]
2022-10-21 sort INFO Array sorted: [7, 12, 24, 35, 36, 43, 56, 64, 71, 80]
2022-10-21 sort INFO Bubble sort Method had started
2022-10-21 sort INFO Using the following list: [1, 2, 3, 4]
2022-10-21 sort INFO Array sorted: [1, 2, 3, 4]
2022-10-21 sort INFO Bubble sort Method had started
2022-10-21 sort INFO Using the following list: [65, 40, 68, 30, 94, 86, 49, 89, 46, 83]
2022-10-21 sort INFO Array sorted: [30, 40, 46, 49, 65, 68, 83, 86, 89, 94]
